<?xml version="1.0" encoding="UTF-8"?>
<testng-results ignored="0" total="1" passed="1" failed="0" skipped="0">
  <reporter-output>
  </reporter-output>
  <suite started-at="2024-10-29T12:02:52 IST" name="Default suite" finished-at="2024-10-29T12:03:24 IST" duration-ms="31443">
    <groups>
      <group name="cucumber">
        <method signature="AbstractTestNGCucumberTests.runScenario(io.cucumber.testng.PickleWrapper,io.cucumber.testng.FeatureWrapper)[pri:0, instance:Runner.CucumberRunner@74751b3]" name="runScenario" class="io.cucumber.testng.AbstractTestNGCucumberTests"/>
      </group> <!-- cucumber -->
    </groups>
    <test started-at="2024-10-29T12:02:52 IST" name="Default test" finished-at="2024-10-29T12:03:24 IST" duration-ms="31443">
      <class name="Runner.CucumberRunner">
        <test-method is-config="true" signature="setUpClass(org.testng.ITestContext)[pri:0, instance:Runner.CucumberRunner@74751b3]" started-at="2024-10-29T12:02:52 IST" name="setUpClass" finished-at="2024-10-29T12:02:53 IST" duration-ms="955" status="PASS">
          <params>
            <param index="0">
              <value>
                <![CDATA[org.testng.TestRunner@46d63dbb]]>
              </value>
            </param>
          </params>
          <reporter-output>
          </reporter-output>
        </test-method> <!-- setUpClass -->
        <test-method signature="runScenario(io.cucumber.testng.PickleWrapper,io.cucumber.testng.FeatureWrapper)[pri:0, instance:Runner.CucumberRunner@74751b3]" started-at="2024-10-29T12:02:53 IST" name="runScenario" description="Runs Cucumber Scenarios" data-provider="scenarios" finished-at="2024-10-29T12:03:24 IST" duration-ms="30374" status="PASS">
          <params>
            <param index="0">
              <value>
                <![CDATA["Login with valid credentials."]]>
              </value>
            </param>
            <param index="1">
              <value>
                <![CDATA["Login scenarios"]]>
              </value>
            </param>
          </params>
          <reporter-output>
          </reporter-output>
        </test-method> <!-- runScenario -->
        <test-method is-config="true" signature="tearDownClass()[pri:0, instance:Runner.CucumberRunner@74751b3]" started-at="2024-10-29T12:03:24 IST" name="tearDownClass" finished-at="2024-10-29T12:03:24 IST" duration-ms="54" status="PASS">
          <reporter-output>
          </reporter-output>
        </test-method> <!-- tearDownClass -->
      </class> <!-- Runner.CucumberRunner -->
    </test> <!-- Default test -->
  </suite> <!-- Default suite -->
</testng-results>
